<?xml version="1.0" encoding="UTF-8"?>
<!-- Generated by org.testng.reporters.JUnitReportReporter -->
<testsuite skipped="0" hostname="IN-LT71637" name="testBase.TestDataDRiven" tests="2" failures="0" timestamp="2020-11-08T22:14:12 IST" time="0.018" errors="0">
  <testcase name="integrationTest" time="0.011" classname="testBase.TestDataDRiven"/>
  <system-out/>
  <testcase name="integrationTest" time="0.007" classname="testBase.TestDataDRiven"/>
  <system-out/>
</testsuite> <!-- testBase.TestDataDRiven -->
