<?xml version="1.0" encoding="UTF-8"?>
<!-- Generated by org.testng.reporters.JUnitReportReporter -->
<testsuite skipped="0" hostname="IN-LT71637" name="testBase.NewTest" tests="1" failures="0" timestamp="2020-09-23T00:08:51 IST" time="0.024" errors="0">
  <testcase name="f" time="0.024" classname="testBase.NewTest"/>
  <system-out/>
</testsuite> <!-- testBase.NewTest -->
