<?xml version="1.0" encoding="UTF-8"?>
<!-- Generated by org.testng.reporters.JUnitReportReporter -->
<testsuite skipped="0" hostname="IN-LT71637" name="TestExcel" tests="3" failures="0" timestamp="2020-09-21T12:43:50 IST" time="0.013" errors="0">
  <testcase name="testExcel" time="0.008" classname="TestExcel"/>
  <system-out/>
  <testcase name="testExcel" time="0.002" classname="TestExcel"/>
  <system-out/>
  <testcase name="testExcel" time="0.003" classname="TestExcel"/>
  <system-out/>
</testsuite> <!-- TestExcel -->
