<?xml version="1.0" encoding="UTF-8"?>
<!-- Generated by org.testng.reporters.JUnitReportReporter -->
<testsuite skipped="0" hostname="IN-LT71637" name="testBase.TestDataProvider" tests="9" failures="0" timestamp="2020-11-08T16:16:40 IST" time="0.027" errors="0">
  <testcase name="integrationTest" time="0.004" classname="testBase.TestDataProvider"/>
  <system-out/>
  <testcase name="integrationTest" time="0.003" classname="testBase.TestDataProvider"/>
  <system-out/>
  <testcase name="integrationTest" time="0.001" classname="testBase.TestDataProvider"/>
  <system-out/>
  <testcase name="integrationTest" time="0.002" classname="testBase.TestDataProvider"/>
  <system-out/>
  <testcase name="integrationTest" time="0.002" classname="testBase.TestDataProvider"/>
  <system-out/>
  <testcase name="integrationTest" time="0.010" classname="testBase.TestDataProvider"/>
  <system-out/>
  <testcase name="integrationTest" time="0.002" classname="testBase.TestDataProvider"/>
  <system-out/>
  <testcase name="integrationTest" time="0.002" classname="testBase.TestDataProvider"/>
  <system-out/>
  <testcase name="integrationTest" time="0.001" classname="testBase.TestDataProvider"/>
  <system-out/>
</testsuite> <!-- testBase.TestDataProvider -->
