<?xml version="1.0" encoding="UTF-8"?>
<!-- Generated by org.testng.reporters.JUnitReportReporter -->
<testsuite skipped="1" hostname="IN-LT71637" name="testBase.TestExcel" tests="1" failures="0" timestamp="2020-11-08T15:19:29 IST" time="0.000" errors="0">
  <testcase name="testExcel" time="0.000" classname="testBase.TestExcel">
    <skipped/>
  </testcase> <!-- testExcel -->
  <system-out/>
</testsuite> <!-- testBase.TestExcel -->
